<?xml version="1.0" encoding="UTF-8" ?>
<testsuite tests="99" failures="1" name="TestSuite" time="0.539" errors="0" skipped="98">
  <properties>
[...]
</properties>
  <testcase classname="TestAmazonFreshPage" name="initialize" time="0.253">
    <failure type="java.lang.NullPointerException">java.lang.NullPointerException
	at TestAmazonFreshPage.initialize(TestAmazonFreshPage.java:19)
</failure>
    <system-out>Configuring TestNG with: org.apache.maven.surefire.testng.conf.TestNG652Configurator@69222c14
</system-out>
  </testcase>
  <testcase classname="TestAmazonFreshPage" name="setUp" time="0.255">
    <skipped/>
  </testcase>
  <testcase classname="TestAmazonFreshPage" name="testUserCanNavigateToAmazonFreshPage" time="0.001">
    <skipped/>
  </testcase>
  <testcase classname="TestAmazonFreshPage" name="cleanUp" time="0.001">
    <skipped/>
  </testcase>
  <testcase classname="TestCreateAccountPage" name="initialize" time="0.001">
    <skipped/>
  </testcase>
  <testcase classname="TestCreateAccountPage" name="setUp" time="0.001">
    <skipped/>
  </testcase>
  <testcase classname="TestCreateAccountPage" name="EnterYourEmailOnly" time="0">
    <skipped/>
  </testcase>
  <testcase classname="TestCreateAccountPage" name="cleanUp" time="0">
    <skipped/>
  </testcase>
  <testcase classname="TestCreateAccountPage" name="setUp" time="0">
    <skipped/>
  </testcase>
  <testcase classname="TestCreateAccountPage" name="EnterYourNameAndEmail" time="0">
    <skipped/>
  </testcase>
  <testcase classname="TestCreateAccountPage" name="cleanUp" time="0.001">
    <skipped/>
  </testcase>
  <testcase classname="TestCreateAccountPage" name="setUp" time="0.001">
    <skipped/>
  </testcase>
  <testcase classname="TestCreateAccountPage" name="EnterYourNameEmailPassword" time="0">
    <skipped/>
  </testcase>
  <testcase classname="TestCreateAccountPage" name="cleanUp" time="0.001">
    <skipped/>
  </testcase>
  <testcase classname="TestCreateAccountPage" name="setUp" time="0.001">
    <skipped/>
  </testcase>
  <testcase classname="TestCreateAccountPage" name="EnterYourNameOnly" time="0">
    <skipped/>
  </testcase>
  <testcase classname="TestCreateAccountPage" name="cleanUp" time="0">
    <skipped/>
  </testcase>
  <testcase classname="TestCreateAccountPage" name="setUp" time="0.001">
    <skipped/>
  </testcase>
  <testcase classname="TestCreateAccountPage" name="SuccessfulLogin" time="0">
    <skipped/>
  </testcase>
  <testcase classname="TestCreateAccountPage" name="cleanUp" time="0">
    <skipped/>
  </testcase>
  <testcase classname="TestCreateAccountPage" name="setUp" time="0">
    <skipped/>
  </testcase>
  <testcase classname="TestCreateAccountPage" name="testUserCanNavigateToCreateAccountPage" time="0.001">
    <skipped/>
  </testcase>
  <testcase classname="TestCreateAccountPage" name="cleanUp" time="0.001">
    <skipped/>
  </testcase>
  <testcase classname="TestHomepage" name="initialize" time="0.001">
    <skipped/>
  </testcase>
  <testcase classname="TestHomepage" name="setUp" time="0.001">
    <skipped/>
  </testcase>
  <testcase classname="TestHomepage" name="TestCartButton" time="0">
    <skipped/>
  </testcase>
  <testcase classname="TestHomepage" name="cleanUp" time="0">
    <skipped/>
  </testcase>
  <testcase classname="TestHomepage" name="setUp" time="0.001">
    <skipped/>
  </testcase>
  <testcase classname="TestHomepage" name="TestMenuButton" time="0">
    <skipped/>
  </testcase>
  <testcase classname="TestHomepage" name="cleanUp" time="0">
    <skipped/>
  </testcase>
  <testcase classname="TestHomepage" name="setUp" time="0">
    <skipped/>
  </testcase>
  <testcase classname="TestHomepage" name="TestSearchButton" time="0">
    <skipped/>
  </testcase>
  <testcase classname="TestHomepage" name="cleanUp" time="0">
    <skipped/>
  </testcase>
  <testcase classname="TestHomepage" name="setUp" time="0.001">
    <skipped/>
  </testcase>
  <testcase classname="TestHomepage" name="TestTodaysDealButton" time="0">
    <skipped/>
  </testcase>
  <testcase classname="TestHomepage" name="cleanUp" time="0">
    <skipped/>
  </testcase>
  <testcase classname="TestHomepage" name="setUp" time="0.001">
    <skipped/>
  </testcase>
  <testcase classname="TestHomepage" name="TestTryPrimeButton" time="0">
    <skipped/>
  </testcase>
  <testcase classname="TestHomepage" name="cleanUp" time="0">
    <skipped/>
  </testcase>
  <testcase classname="TestHomepage" name="setUp" time="0">
    <skipped/>
  </testcase>
  <testcase classname="TestHomepage" name="TestYourAmazonButton" time="0">
    <skipped/>
  </testcase>
  <testcase classname="TestHomepage" name="cleanUp" time="0.001">
    <skipped/>
  </testcase>
  <testcase classname="TestHomepage" name="setUp" time="0.001">
    <skipped/>
  </testcase>
  <testcase classname="TestHomepage" name="TestordersButton" time="0">
    <skipped/>
  </testcase>
  <testcase classname="TestHomepage" name="cleanUp" time="0">
    <skipped/>
  </testcase>
  <testcase classname="TestHomepage" name="setUp" time="0">
    <skipped/>
  </testcase>
  <testcase classname="TestHomepage" name="selectsteps" time="0">
    <skipped/>
  </testcase>
  <testcase classname="TestHomepage" name="cleanUp" time="0.001">
    <skipped/>
  </testcase>
  <testcase classname="TestHomepage" name="setUp" time="0.001">
    <skipped/>
  </testcase>
  <testcase classname="TestHomepage" name="testSearchBar" time="0">
    <skipped/>
  </testcase>
  <testcase classname="TestHomepage" name="cleanUp" time="0">
    <skipped/>
  </testcase>
  <testcase classname="TestHomepage" name="setUp" time="0">
    <skipped/>
  </testcase>
  <testcase classname="TestHomepage" name="testUserCanNavigateToHomePage" time="0">
    <skipped/>
  </testcase>
  <testcase classname="TestHomepage" name="cleanUp" time="0.001">
    <skipped/>
  </testcase>
  <testcase classname="TestLoginPage" name="initialize" time="0.001">
    <skipped/>
  </testcase>
  <testcase classname="TestLoginPage" name="setUp" time="0.001">
    <skipped/>
  </testcase>
  <testcase classname="TestLoginPage" name="NavigateCreateAccount" time="0">
    <skipped/>
  </testcase>
  <testcase classname="TestLoginPage" name="setUp" time="0">
    <skipped/>
  </testcase>
  <testcase classname="TestLoginPage" name="NoCredentialLogin" time="0.001">
    <skipped/>
  </testcase>
  <testcase classname="TestLoginPage" name="setUp" time="0.001">
    <skipped/>
  </testcase>
  <testcase classname="TestLoginPage" name="NoEmailLogin" time="0">
    <skipped/>
  </testcase>
  <testcase classname="TestLoginPage" name="setUp" time="0">
    <skipped/>
  </testcase>
  <testcase classname="TestLoginPage" name="NoPasswordLogin" time="0">
    <skipped/>
  </testcase>
  <testcase classname="TestLoginPage" name="setUp" time="0.002">
    <skipped/>
  </testcase>
  <testcase classname="TestLoginPage" name="SuccessfulLogin" time="0">
    <skipped/>
  </testcase>
  <testcase classname="TestLoginPage" name="cleanUp" time="0">
    <skipped/>
  </testcase>
  <testcase classname="TestAmazonFreshPage" name="setUp" time="0">
    <skipped/>
  </testcase>
  <testcase classname="TestAmazonFreshPage" name="testUserCanNavigateToDairyTab" time="0">
    <skipped/>
  </testcase>
  <testcase classname="TestAmazonFreshPage" name="cleanUp" time="0">
    <skipped/>
  </testcase>
  <testcase classname="TestAmazonFreshPage" name="setUp" time="0.001">
    <skipped/>
  </testcase>
  <testcase classname="TestAmazonFreshPage" name="testUserCanNavigateToDeliTab" time="0">
    <skipped/>
  </testcase>
  <testcase classname="TestAmazonFreshPage" name="cleanUp" time="0">
    <skipped/>
  </testcase>
  <testcase classname="TestAmazonFreshPage" name="setUp" time="0">
    <skipped/>
  </testcase>
  <testcase classname="TestAmazonFreshPage" name="testUserCanNavigateToBakeryTab" time="0">
    <skipped/>
  </testcase>
  <testcase classname="TestAmazonFreshPage" name="cleanUp" time="0">
    <skipped/>
  </testcase>
  <testcase classname="TestAmazonFreshPage" name="setUp" time="0.001">
    <skipped/>
  </testcase>
  <testcase classname="TestAmazonFreshPage" name="testUserCanNavigateToFreshFruitTab" time="0">
    <skipped/>
  </testcase>
  <testcase classname="TestAmazonFreshPage" name="cleanUp" time="0">
    <skipped/>
  </testcase>
  <testcase classname="TestAmazonFreshPage" name="setUp" time="0">
    <skipped/>
  </testcase>
  <testcase classname="TestAmazonFreshPage" name="testUserCanNavigateToContactFreshTab" time="0">
    <skipped/>
  </testcase>
  <testcase classname="TestAmazonFreshPage" name="cleanUp" time="0">
    <skipped/>
  </testcase>
  <testcase classname="TestAmazonFreshPage" name="setUp" time="0">
    <skipped/>
  </testcase>
  <testcase classname="TestAmazonFreshPage" name="testUserCanNavigateToPastPurchasesButton" time="0">
    <skipped/>
  </testcase>
  <testcase classname="TestAmazonFreshPage" name="cleanUp" time="0">
    <skipped/>
  </testcase>
  <testcase classname="TestAmazonFreshPage" name="setUp" time="0">
    <skipped/>
  </testcase>
  <testcase classname="TestAmazonFreshPage" name="testUserCanNavigateToFreshDealsButton" time="0">
    <skipped/>
  </testcase>
  <testcase classname="TestAmazonFreshPage" name="cleanUp" time="0">
    <skipped/>
  </testcase>
  <testcase classname="TestAmazonFreshPage" name="setUp" time="0.001">
    <skipped/>
  </testcase>
  <testcase classname="TestAmazonFreshPage" name="testUserCanNavigateToGroceriesButton" time="0">
    <skipped/>
  </testcase>
  <testcase classname="TestAmazonFreshPage" name="cleanUp" time="0">
    <skipped/>
  </testcase>
  <testcase classname="TestAmazonFreshPage" name="setUp" time="0">
    <skipped/>
  </testcase>
  <testcase classname="TestAmazonFreshPage" name="testUserCanNavigateToBeveragesTab" time="0">
    <skipped/>
  </testcase>
  <testcase classname="TestAmazonFreshPage" name="cleanUp" time="0">
    <skipped/>
  </testcase>
  <testcase classname="TestAmazonFreshPage" name="setUp" time="0.001">
    <skipped/>
  </testcase>
  <testcase classname="TestAmazonFreshPage" name="testUserCanNavigateToHouseholdHealthBeautyTab" time="0">
    <skipped/>
  </testcase>
  <testcase classname="TestAmazonFreshPage" name="cleanUp" time="0">
    <skipped/>
  </testcase>
  <testcase classname="TestAmazonFreshPage" name="setUp" time="0">
    <skipped/>
  </testcase>
  <testcase classname="TestAmazonFreshPage" name="testUserCanNavigateToLocalMarketTab" time="0">
    <skipped/>
  </testcase>
  <testcase classname="TestAmazonFreshPage" name="cleanUp" time="0">
    <skipped/>
  </testcase>
</testsuite>