<?xml version="1.0" encoding="UTF-8"?>
<testng-results skipped="0" failed="0" total="1" passed="1">
  <reporter-output>
  </reporter-output>
  <suite name="TestHomepage" duration-ms="6236" started-at="2019-03-19T19:45:46Z" finished-at="2019-03-19T19:45:52Z">
    <groups>
    </groups>
    <test name="Command line test" duration-ms="6236" started-at="2019-03-19T19:45:46Z" finished-at="2019-03-19T19:45:52Z">
      <class name="TestHomepage">
        <test-method status="PASS" signature="setup()[pri:0, instance:TestHomepage@380fb434]" name="setup" is-config="true" duration-ms="2017" started-at="2019-03-19T15:45:46Z" finished-at="2019-03-19T15:45:48Z">
          <reporter-output>
          </reporter-output>
        </test-method> <!-- setup -->
        <test-method status="PASS" signature="initialize()[pri:0, instance:TestHomepage@380fb434]" name="initialize" is-config="true" duration-ms="2915" started-at="2019-03-19T15:45:48Z" finished-at="2019-03-19T15:45:51Z">
          <reporter-output>
          </reporter-output>
        </test-method> <!-- initialize -->
        <test-method status="PASS" signature="testUserCanNavigateToHomePage()[pri:0, instance:TestHomepage@380fb434]" name="testUserCanNavigateToHomePage" duration-ms="1163" started-at="2019-03-19T15:45:51Z" finished-at="2019-03-19T15:45:52Z">
          <reporter-output>
          </reporter-output>
        </test-method> <!-- testUserCanNavigateToHomePage -->
        <test-method status="PASS" signature="cleanup()[pri:0, instance:TestHomepage@380fb434]" name="cleanup" is-config="true" duration-ms="132" started-at="2019-03-19T15:45:52Z" finished-at="2019-03-19T15:45:52Z">
          <reporter-output>
          </reporter-output>
        </test-method> <!-- cleanup -->
      </class> <!-- TestHomepage -->
    </test> <!-- Command line test -->
  </suite> <!-- TestHomepage -->
</testng-results>
