<?xml version="1.0" encoding="UTF-8"?>
<!-- Generated by org.testng.reporters.JUnitXMLReporter -->
<testsuite hostname="Mohammads-MacBook-Pro-4.local" tests="33" failures="0" timestamp="24 Mar 2019 20:55:17 GMT" time="0.041" errors="0">
  <testcase name="@BeforeClass initialize" time="0.0" classname="TestAmazonFreshPage">
    <failure type="java.lang.NullPointerException">
      <![CDATA[java.lang.NullPointerException
	at TestAmazonFreshPage.initialize(TestAmazonFreshPage.java:19)
... Removed 34 stack frames]]>
    </failure>
  </testcase> <!-- @BeforeClass initialize -->
  <testcase name="@BeforeMethod setUp" time="0.0" classname="TestAmazonFreshPage">
    <skipped/>
  </testcase> <!-- @BeforeMethod setUp -->
  <testcase name="@AfterMethod cleanUp" time="0.0" classname="TestAmazonFreshPage">
    <skipped/>
  </testcase> <!-- @AfterMethod cleanUp -->
  <testcase name="@BeforeClass initialize" time="0.0" classname="TestCreateAccountPage">
    <skipped/>
  </testcase> <!-- @BeforeClass initialize -->
  <testcase name="@BeforeMethod setUp" time="0.0" classname="TestCreateAccountPage">
    <skipped/>
  </testcase> <!-- @BeforeMethod setUp -->
  <testcase name="@AfterMethod cleanUp" time="0.0" classname="TestCreateAccountPage">
    <skipped/>
  </testcase> <!-- @AfterMethod cleanUp -->
  <testcase name="@BeforeMethod setUp" time="0.0" classname="TestCreateAccountPage">
    <skipped/>
  </testcase> <!-- @BeforeMethod setUp -->
  <testcase name="@AfterMethod cleanUp" time="0.0" classname="TestCreateAccountPage">
    <skipped/>
  </testcase> <!-- @AfterMethod cleanUp -->
  <testcase name="@BeforeMethod setUp" time="0.0" classname="TestCreateAccountPage">
    <skipped/>
  </testcase> <!-- @BeforeMethod setUp -->
  <testcase name="@AfterMethod cleanUp" time="0.0" classname="TestCreateAccountPage">
    <skipped/>
  </testcase> <!-- @AfterMethod cleanUp -->
  <testcase name="@BeforeMethod setUp" time="0.0" classname="TestCreateAccountPage">
    <skipped/>
  </testcase> <!-- @BeforeMethod setUp -->
  <testcase name="@AfterMethod cleanUp" time="0.0" classname="TestCreateAccountPage">
    <skipped/>
  </testcase> <!-- @AfterMethod cleanUp -->
  <testcase name="@BeforeMethod setUp" time="0.0" classname="TestCreateAccountPage">
    <skipped/>
  </testcase> <!-- @BeforeMethod setUp -->
  <testcase name="@AfterMethod cleanUp" time="0.0" classname="TestCreateAccountPage">
    <skipped/>
  </testcase> <!-- @AfterMethod cleanUp -->
  <testcase name="@BeforeMethod setUp" time="0.0" classname="TestCreateAccountPage">
    <skipped/>
  </testcase> <!-- @BeforeMethod setUp -->
  <testcase name="@AfterMethod cleanUp" time="0.0" classname="TestCreateAccountPage">
    <skipped/>
  </testcase> <!-- @AfterMethod cleanUp -->
  <testcase name="@BeforeClass initialize" time="0.0" classname="TestHomepage">
    <skipped/>
  </testcase> <!-- @BeforeClass initialize -->
  <testcase name="@BeforeMethod setUp" time="0.0" classname="TestHomepage">
    <skipped/>
  </testcase> <!-- @BeforeMethod setUp -->
  <testcase name="@AfterMethod cleanUp" time="0.0" classname="TestHomepage">
    <skipped/>
  </testcase> <!-- @AfterMethod cleanUp -->
  <testcase name="@BeforeMethod setUp" time="0.0" classname="TestHomepage">
    <skipped/>
  </testcase> <!-- @BeforeMethod setUp -->
  <testcase name="@AfterMethod cleanUp" time="0.0" classname="TestHomepage">
    <skipped/>
  </testcase> <!-- @AfterMethod cleanUp -->
  <testcase name="@BeforeMethod setUp" time="0.0" classname="TestHomepage">
    <skipped/>
  </testcase> <!-- @BeforeMethod setUp -->
  <testcase name="@AfterMethod cleanUp" time="0.0" classname="TestHomepage">
    <skipped/>
  </testcase> <!-- @AfterMethod cleanUp -->
  <testcase name="@BeforeMethod setUp" time="0.0" classname="TestHomepage">
    <skipped/>
  </testcase> <!-- @BeforeMethod setUp -->
  <testcase name="@AfterMethod cleanUp" time="0.0" classname="TestHomepage">
    <skipped/>
  </testcase> <!-- @AfterMethod cleanUp -->
  <testcase name="@BeforeMethod setUp" time="0.0" classname="TestHomepage">
    <skipped/>
  </testcase> <!-- @BeforeMethod setUp -->
  <testcase name="@AfterMethod cleanUp" time="0.0" classname="TestHomepage">
    <skipped/>
  </testcase> <!-- @AfterMethod cleanUp -->
  <testcase name="@BeforeMethod setUp" time="0.0" classname="TestHomepage">
    <skipped/>
  </testcase> <!-- @BeforeMethod setUp -->
  <testcase name="@AfterMethod cleanUp" time="0.0" classname="TestHomepage">
    <skipped/>
  </testcase> <!-- @AfterMethod cleanUp -->
  <testcase name="@BeforeMethod setUp" time="0.0" classname="TestHomepage">
    <skipped/>
  </testcase> <!-- @BeforeMethod setUp -->
  <testcase name="@AfterMethod cleanUp" time="0.0" classname="TestHomepage">
    <skipped/>
  </testcase> <!-- @AfterMethod cleanUp -->
  <testcase name="@BeforeMethod setUp" time="0.0" classname="TestHomepage">
    <skipped/>
  </testcase> <!-- @BeforeMethod setUp -->
  <testcase name="@AfterMethod cleanUp" time="0.0" classname="TestHomepage">
    <skipped/>
  </testcase> <!-- @AfterMethod cleanUp -->
  <testcase name="@BeforeMethod setUp" time="0.0" classname="TestHomepage">
    <skipped/>
  </testcase> <!-- @BeforeMethod setUp -->
  <testcase name="@AfterMethod cleanUp" time="0.0" classname="TestHomepage">
    <skipped/>
  </testcase> <!-- @AfterMethod cleanUp -->
  <testcase name="@BeforeMethod setUp" time="0.0" classname="TestHomepage">
    <skipped/>
  </testcase> <!-- @BeforeMethod setUp -->
  <testcase name="@AfterMethod cleanUp" time="0.0" classname="TestHomepage">
    <skipped/>
  </testcase> <!-- @AfterMethod cleanUp -->
  <testcase name="@BeforeClass initialize" time="0.0" classname="TestLoginPage">
    <skipped/>
  </testcase> <!-- @BeforeClass initialize -->
  <testcase name="@BeforeMethod setUp" time="0.0" classname="TestLoginPage">
    <skipped/>
  </testcase> <!-- @BeforeMethod setUp -->
  <testcase name="@BeforeMethod setUp" time="0.0" classname="TestLoginPage">
    <skipped/>
  </testcase> <!-- @BeforeMethod setUp -->
  <testcase name="@BeforeMethod setUp" time="0.0" classname="TestLoginPage">
    <skipped/>
  </testcase> <!-- @BeforeMethod setUp -->
  <testcase name="@BeforeMethod setUp" time="0.0" classname="TestLoginPage">
    <skipped/>
  </testcase> <!-- @BeforeMethod setUp -->
  <testcase name="@BeforeMethod setUp" time="0.002" classname="TestLoginPage">
    <skipped/>
  </testcase> <!-- @BeforeMethod setUp -->
  <testcase name="@AfterClass cleanUp" time="0.0" classname="TestLoginPage">
    <skipped/>
  </testcase> <!-- @AfterClass cleanUp -->
  <testcase name="@BeforeMethod setUp" time="0.0" classname="TestAmazonFreshPage">
    <skipped/>
  </testcase> <!-- @BeforeMethod setUp -->
  <testcase name="@AfterMethod cleanUp" time="0.0" classname="TestAmazonFreshPage">
    <skipped/>
  </testcase> <!-- @AfterMethod cleanUp -->
  <testcase name="@BeforeMethod setUp" time="0.0" classname="TestAmazonFreshPage">
    <skipped/>
  </testcase> <!-- @BeforeMethod setUp -->
  <testcase name="@AfterMethod cleanUp" time="0.0" classname="TestAmazonFreshPage">
    <skipped/>
  </testcase> <!-- @AfterMethod cleanUp -->
  <testcase name="@BeforeMethod setUp" time="0.0" classname="TestAmazonFreshPage">
    <skipped/>
  </testcase> <!-- @BeforeMethod setUp -->
  <testcase name="@AfterMethod cleanUp" time="0.0" classname="TestAmazonFreshPage">
    <skipped/>
  </testcase> <!-- @AfterMethod cleanUp -->
  <testcase name="@BeforeMethod setUp" time="0.0" classname="TestAmazonFreshPage">
    <skipped/>
  </testcase> <!-- @BeforeMethod setUp -->
  <testcase name="@AfterMethod cleanUp" time="0.0" classname="TestAmazonFreshPage">
    <skipped/>
  </testcase> <!-- @AfterMethod cleanUp -->
  <testcase name="@BeforeMethod setUp" time="0.0" classname="TestAmazonFreshPage">
    <skipped/>
  </testcase> <!-- @BeforeMethod setUp -->
  <testcase name="@AfterMethod cleanUp" time="0.0" classname="TestAmazonFreshPage">
    <skipped/>
  </testcase> <!-- @AfterMethod cleanUp -->
  <testcase name="@BeforeMethod setUp" time="0.0" classname="TestAmazonFreshPage">
    <skipped/>
  </testcase> <!-- @BeforeMethod setUp -->
  <testcase name="@AfterMethod cleanUp" time="0.0" classname="TestAmazonFreshPage">
    <skipped/>
  </testcase> <!-- @AfterMethod cleanUp -->
  <testcase name="@BeforeMethod setUp" time="0.0" classname="TestAmazonFreshPage">
    <skipped/>
  </testcase> <!-- @BeforeMethod setUp -->
  <testcase name="@AfterMethod cleanUp" time="0.0" classname="TestAmazonFreshPage">
    <skipped/>
  </testcase> <!-- @AfterMethod cleanUp -->
  <testcase name="@BeforeMethod setUp" time="0.0" classname="TestAmazonFreshPage">
    <skipped/>
  </testcase> <!-- @BeforeMethod setUp -->
  <testcase name="@AfterMethod cleanUp" time="0.0" classname="TestAmazonFreshPage">
    <skipped/>
  </testcase> <!-- @AfterMethod cleanUp -->
  <testcase name="@BeforeMethod setUp" time="0.0" classname="TestAmazonFreshPage">
    <skipped/>
  </testcase> <!-- @BeforeMethod setUp -->
  <testcase name="@AfterMethod cleanUp" time="0.0" classname="TestAmazonFreshPage">
    <skipped/>
  </testcase> <!-- @AfterMethod cleanUp -->
  <testcase name="@BeforeMethod setUp" time="0.0" classname="TestAmazonFreshPage">
    <skipped/>
  </testcase> <!-- @BeforeMethod setUp -->
  <testcase name="@AfterMethod cleanUp" time="0.0" classname="TestAmazonFreshPage">
    <skipped/>
  </testcase> <!-- @AfterMethod cleanUp -->
  <testcase name="@BeforeMethod setUp" time="0.0" classname="TestAmazonFreshPage">
    <skipped/>
  </testcase> <!-- @BeforeMethod setUp -->
  <testcase name="@AfterMethod cleanUp" time="0.0" classname="TestAmazonFreshPage">
    <skipped/>
  </testcase> <!-- @AfterMethod cleanUp -->
  <testcase name="testUserCanNavigateToAmazonFreshPage" time="0.0" classname="TestAmazonFreshPage">
    <skipped/>
  </testcase> <!-- testUserCanNavigateToAmazonFreshPage -->
  <testcase name="EnterYourEmailOnly" time="0.001" classname="TestCreateAccountPage">
    <skipped/>
  </testcase> <!-- EnterYourEmailOnly -->
  <testcase name="EnterYourNameAndEmail" time="0.0" classname="TestCreateAccountPage">
    <skipped/>
  </testcase> <!-- EnterYourNameAndEmail -->
  <testcase name="EnterYourNameEmailPassword" time="0.0" classname="TestCreateAccountPage">
    <skipped/>
  </testcase> <!-- EnterYourNameEmailPassword -->
  <testcase name="EnterYourNameOnly" time="0.0" classname="TestCreateAccountPage">
    <skipped/>
  </testcase> <!-- EnterYourNameOnly -->
  <testcase name="SuccessfulLogin" time="0.0" classname="TestCreateAccountPage">
    <skipped/>
  </testcase> <!-- SuccessfulLogin -->
  <testcase name="testUserCanNavigateToCreateAccountPage" time="0.0" classname="TestCreateAccountPage">
    <skipped/>
  </testcase> <!-- testUserCanNavigateToCreateAccountPage -->
  <testcase name="TestCartButton" time="0.0" classname="TestHomepage">
    <skipped/>
  </testcase> <!-- TestCartButton -->
  <testcase name="TestMenuButton" time="0.0" classname="TestHomepage">
    <skipped/>
  </testcase> <!-- TestMenuButton -->
  <testcase name="TestSearchButton" time="0.001" classname="TestHomepage">
    <skipped/>
  </testcase> <!-- TestSearchButton -->
  <testcase name="TestTodaysDealButton" time="0.0" classname="TestHomepage">
    <skipped/>
  </testcase> <!-- TestTodaysDealButton -->
  <testcase name="TestTryPrimeButton" time="0.0" classname="TestHomepage">
    <skipped/>
  </testcase> <!-- TestTryPrimeButton -->
  <testcase name="TestYourAmazonButton" time="0.0" classname="TestHomepage">
    <skipped/>
  </testcase> <!-- TestYourAmazonButton -->
  <testcase name="TestordersButton" time="0.0" classname="TestHomepage">
    <skipped/>
  </testcase> <!-- TestordersButton -->
  <testcase name="selectsteps" time="0.0" classname="TestHomepage">
    <skipped/>
  </testcase> <!-- selectsteps -->
  <testcase name="testSearchBar" time="0.0" classname="TestHomepage">
    <skipped/>
  </testcase> <!-- testSearchBar -->
  <testcase name="testUserCanNavigateToHomePage" time="0.0" classname="TestHomepage">
    <skipped/>
  </testcase> <!-- testUserCanNavigateToHomePage -->
  <testcase name="NavigateCreateAccount" time="0.0" classname="TestLoginPage">
    <skipped/>
  </testcase> <!-- NavigateCreateAccount -->
  <testcase name="NoCredentialLogin" time="0.0" classname="TestLoginPage">
    <skipped/>
  </testcase> <!-- NoCredentialLogin -->
  <testcase name="NoEmailLogin" time="0.0" classname="TestLoginPage">
    <skipped/>
  </testcase> <!-- NoEmailLogin -->
  <testcase name="NoPasswordLogin" time="0.0" classname="TestLoginPage">
    <skipped/>
  </testcase> <!-- NoPasswordLogin -->
  <testcase name="SuccessfulLogin" time="0.001" classname="TestLoginPage">
    <skipped/>
  </testcase> <!-- SuccessfulLogin -->
  <testcase name="testUserCanNavigateToDairyTab" time="0.0" classname="TestAmazonFreshPage">
    <skipped/>
  </testcase> <!-- testUserCanNavigateToDairyTab -->
  <testcase name="testUserCanNavigateToDeliTab" time="0.001" classname="TestAmazonFreshPage">
    <skipped/>
  </testcase> <!-- testUserCanNavigateToDeliTab -->
  <testcase name="testUserCanNavigateToBakeryTab" time="0.0" classname="TestAmazonFreshPage">
    <skipped/>
  </testcase> <!-- testUserCanNavigateToBakeryTab -->
  <testcase name="testUserCanNavigateToFreshFruitTab" time="0.001" classname="TestAmazonFreshPage">
    <skipped/>
  </testcase> <!-- testUserCanNavigateToFreshFruitTab -->
  <testcase name="testUserCanNavigateToContactFreshTab" time="0.0" classname="TestAmazonFreshPage">
    <skipped/>
  </testcase> <!-- testUserCanNavigateToContactFreshTab -->
  <testcase name="testUserCanNavigateToPastPurchasesButton" time="0.0" classname="TestAmazonFreshPage">
    <skipped/>
  </testcase> <!-- testUserCanNavigateToPastPurchasesButton -->
  <testcase name="testUserCanNavigateToFreshDealsButton" time="0.0" classname="TestAmazonFreshPage">
    <skipped/>
  </testcase> <!-- testUserCanNavigateToFreshDealsButton -->
  <testcase name="testUserCanNavigateToGroceriesButton" time="0.0" classname="TestAmazonFreshPage">
    <skipped/>
  </testcase> <!-- testUserCanNavigateToGroceriesButton -->
  <testcase name="testUserCanNavigateToBeveragesTab" time="0.0" classname="TestAmazonFreshPage">
    <skipped/>
  </testcase> <!-- testUserCanNavigateToBeveragesTab -->
  <testcase name="testUserCanNavigateToHouseholdHealthBeautyTab" time="0.0" classname="TestAmazonFreshPage">
    <skipped/>
  </testcase> <!-- testUserCanNavigateToHouseholdHealthBeautyTab -->
  <testcase name="testUserCanNavigateToLocalMarketTab" time="0.0" classname="TestAmazonFreshPage">
    <skipped/>
  </testcase> <!-- testUserCanNavigateToLocalMarketTab -->
</testsuite>
